[2026-02-14 10:22:34.252] [INFO] Backup directory: C:\Users\PC\Downloads\Current\DangLam\Pl\Web\backups
[2026-02-14 10:22:34.252] [INFO] ==================================================
[2026-02-14 10:22:34.253] [INFO] 🤖 MODULAR WEB BOT v2.0 - PRODUCTION GRADE
[2026-02-14 10:22:34.253] [INFO] ==================================================
[2026-02-14 10:22:34.253] [INFO] Thư mục làm việc: C:\Users\PC\Downloads\Current\DangLam\Pl\Web
[2026-02-14 10:22:34.254] [INFO] Backup directory: C:\Users\PC\Downloads\Current\DangLam\Pl\Web\backups
[2026-02-14 10:22:34.254] [INFO] Log file: bot_activity.log
[2026-02-14 10:22:34.254] [INFO] ==================================================
[2026-02-14 10:22:34.255] [INFO] CÁC NHÃN HỢP LỆ:
[2026-02-14 10:22:34.255] [INFO]   [INDEX] → Index.html
[2026-02-14 10:22:34.255] [INFO]   [HOME] → modules/home.js
[2026-02-14 10:22:34.255] [INFO]   [ABOUT] → modules/about.js
[2026-02-14 10:22:34.255] [INFO]   [DECOR] → modules/decor.js
[2026-02-14 10:22:34.256] [INFO]   [CONTACT] → modules/contact.js
[2026-02-14 10:22:34.256] [INFO]   [SERVICES] → modules/services.js
[2026-02-14 10:22:34.256] [INFO]   [PORTFOLIO] → modules/portfolio.js
[2026-02-14 10:22:34.256] [INFO] ==================================================
[2026-02-14 10:22:34.256] [SUCCESS] Bot đang chạy... (Nhấn Ctrl+C để dừng)
[2026-02-14 10:22:34.256] [INFO] Chờ clipboard có nội dung với nhãn hợp lệ...
[2026-02-14 10:22:34.256] [INFO] 
[2026-02-14 10:23:28.813] [INFO] Backup directory: C:\Users\PC\Downloads\Current\DangLam\Pl\Web\backups
[2026-02-14 10:23:28.813] [INFO] ==================================================
[2026-02-14 10:23:28.814] [INFO] 🤖 MODULAR WEB BOT v2.0 - PRODUCTION GRADE
[2026-02-14 10:23:28.814] [INFO] ==================================================
[2026-02-14 10:23:28.814] [INFO] Thư mục làm việc: C:\Users\PC\Downloads\Current\DangLam\Pl\Web
[2026-02-14 10:23:28.814] [INFO] Backup directory: C:\Users\PC\Downloads\Current\DangLam\Pl\Web\backups
[2026-02-14 10:23:28.815] [INFO] Log file: bot_activity.log
[2026-02-14 10:23:28.815] [INFO] ==================================================
[2026-02-14 10:23:28.815] [INFO] CÁC NHÃN HỢP LỆ:
[2026-02-14 10:23:28.815] [INFO]   [INDEX] → Index.html
[2026-02-14 10:23:28.816] [INFO]   [HOME] → modules/home.js
[2026-02-14 10:23:28.816] [INFO]   [ABOUT] → modules/about.js
[2026-02-14 10:23:28.816] [INFO]   [DECOR] → modules/decor.js
[2026-02-14 10:23:28.816] [INFO]   [CONTACT] → modules/contact.js
[2026-02-14 10:23:28.817] [INFO]   [SERVICES] → modules/services.js
[2026-02-14 10:23:28.817] [INFO]   [PORTFOLIO] → modules/portfolio.js
[2026-02-14 10:23:28.817] [INFO] ==================================================
[2026-02-14 10:23:28.817] [SUCCESS] Bot đang chạy... (Nhấn Ctrl+C để dừng)
[2026-02-14 10:23:28.817] [INFO] Chờ clipboard có nội dung với nhãn hợp lệ...
[2026-02-14 10:23:28.818] [INFO] 
[2026-02-14 10:30:05.759] [DEBUG] Đã xử lý nội dung này rồi (hash: a089c646...)
[2026-02-14 10:30:06.060] [DEBUG] Đã xử lý nội dung này rồi (hash: a089c646...)
[2026-02-14 10:30:06.361] [DEBUG] Đã xử lý nội dung này rồi (hash: a089c646...)
[2026-02-14 10:30:06.662] [DEBUG] Đã xử lý nội dung này rồi (hash: a089c646...)
[2026-02-14 10:30:06.963] [DEBUG] Đã xử lý nội dung này rồi (hash: a089c646...)
[2026-02-14 10:30:07.265] [DEBUG] Đã xử lý nội dung này rồi (hash: a089c646...)
[2026-02-14 10:30:07.566] [DEBUG] Đã xử lý nội dung này rồi (hash: a089c646...)
[2026-02-14 10:30:07.867] [DEBUG] Đã xử lý nội dung này rồi (hash: a089c646...)
[2026-02-14 10:30:08.168] [DEBUG] Đã xử lý nội dung này rồi (hash: a089c646...)
[2026-02-14 10:30:08.470] [DEBUG] Đã xử lý nội dung này rồi (hash: a089c646...)
[2026-02-14 10:30:08.772] [DEBUG] Đã xử lý nội dung này rồi (hash: a089c646...)
[2026-02-14 10:30:09.072] [DEBUG] Đã xử lý nội dung này rồi (hash: a089c646...)
[2026-02-14 10:30:09.374] [DEBUG] Đã xử lý nội dung này rồi (hash: a089c646...)
[2026-02-14 10:30:09.676] [DEBUG] Đã xử lý nội dung này rồi (hash: a089c646...)
[2026-02-14 10:30:09.977] [DEBUG] Đã xử lý nội dung này rồi (hash: a089c646...)
[2026-02-14 10:30:10.278] [DEBUG] Đã xử lý nội dung này rồi (hash: a089c646...)
[2026-02-14 10:30:10.582] [DEBUG] Đã xử lý nội dung này rồi (hash: a089c646...)
[2026-02-14 10:30:10.884] [DEBUG] Đã xử lý nội dung này rồi (hash: a089c646...)
[2026-02-14 10:30:11.186] [DEBUG] Đã xử lý nội dung này rồi (hash: a089c646...)
[2026-02-14 10:30:11.487] [DEBUG] Đã xử lý nội dung này rồi (hash: a089c646...)
[2026-02-14 10:30:11.788] [DEBUG] Đã xử lý nội dung này rồi (hash: a089c646...)
[2026-02-14 10:30:12.089] [DEBUG] Đã xử lý nội dung này rồi (hash: a089c646...)
[2026-02-14 10:30:12.390] [DEBUG] Đã xử lý nội dung này rồi (hash: a089c646...)
[2026-02-14 10:30:12.692] [DEBUG] Đã xử lý nội dung này rồi (hash: a089c646...)
[2026-02-14 10:30:12.994] [DEBUG] Đã xử lý nội dung này rồi (hash: a089c646...)
[2026-02-14 10:30:13.295] [DEBUG] Đã xử lý nội dung này rồi (hash: a089c646...)
[2026-02-14 10:30:13.597] [DEBUG] Đã xử lý nội dung này rồi (hash: a089c646...)
[2026-02-14 10:30:13.898] [DEBUG] Đã xử lý nội dung này rồi (hash: a089c646...)
[2026-02-14 10:30:14.200] [DEBUG] Đã xử lý nội dung này rồi (hash: a089c646...)
[2026-02-14 10:30:14.500] [DEBUG] Đã xử lý nội dung này rồi (hash: a089c646...)
[2026-02-14 10:30:14.802] [DEBUG] Đã xử lý nội dung này rồi (hash: a089c646...)
[2026-02-14 10:30:15.103] [DEBUG] Đã xử lý nội dung này rồi (hash: a089c646...)
[2026-02-14 10:30:15.404] [DEBUG] Đã xử lý nội dung này rồi (hash: a089c646...)
[2026-02-14 10:30:15.706] [DEBUG] Đã xử lý nội dung này rồi (hash: a089c646...)
[2026-02-14 10:30:16.007] [DEBUG] Đã xử lý nội dung này rồi (hash: a089c646...)
[2026-02-14 10:30:16.309] [DEBUG] Đã xử lý nội dung này rồi (hash: a089c646...)
[2026-02-14 10:30:16.611] [DEBUG] Đã xử lý nội dung này rồi (hash: a089c646...)
[2026-02-14 10:30:16.914] [DEBUG] Đã xử lý nội dung này rồi (hash: a089c646...)
[2026-02-14 10:30:17.216] [DEBUG] Đã xử lý nội dung này rồi (hash: a089c646...)
[2026-02-14 10:30:17.518] [DEBUG] Đã xử lý nội dung này rồi (hash: a089c646...)
[2026-02-14 10:30:17.819] [DEBUG] Đã xử lý nội dung này rồi (hash: a089c646...)
[2026-02-14 10:30:18.121] [DEBUG] Đã xử lý nội dung này rồi (hash: a089c646...)
[2026-02-14 10:30:18.422] [DEBUG] Đã xử lý nội dung này rồi (hash: a089c646...)
[2026-02-14 10:30:18.723] [DEBUG] Đã xử lý nội dung này rồi (hash: a089c646...)
[2026-02-14 10:30:19.024] [DEBUG] Đã xử lý nội dung này rồi (hash: a089c646...)
[2026-02-14 10:30:19.325] [DEBUG] Đã xử lý nội dung này rồi (hash: a089c646...)
[2026-02-14 10:30:19.627] [DEBUG] Đã xử lý nội dung này rồi (hash: a089c646...)
[2026-02-14 10:30:19.928] [DEBUG] Đã xử lý nội dung này rồi (hash: a089c646...)
[2026-02-14 10:30:20.230] [DEBUG] Đã xử lý nội dung này rồi (hash: a089c646...)
[2026-02-14 10:30:20.531] [DEBUG] Đã xử lý nội dung này rồi (hash: a089c646...)
[2026-02-14 10:30:20.832] [DEBUG] Đã xử lý nội dung này rồi (hash: a089c646...)
[2026-02-14 10:30:21.134] [DEBUG] Đã xử lý nội dung này rồi (hash: a089c646...)
[2026-02-14 10:30:21.435] [DEBUG] Đã xử lý nội dung này rồi (hash: a089c646...)
[2026-02-14 10:30:21.737] [DEBUG] Đã xử lý nội dung này rồi (hash: a089c646...)
[2026-02-14 10:30:22.039] [DEBUG] Đã xử lý nội dung này rồi (hash: a089c646...)
[2026-02-14 10:30:22.341] [DEBUG] Đã xử lý nội dung này rồi (hash: a089c646...)
[2026-02-14 10:30:22.642] [DEBUG] Đã xử lý nội dung này rồi (hash: a089c646...)
[2026-02-14 10:30:22.944] [DEBUG] Đã xử lý nội dung này rồi (hash: a089c646...)
[2026-02-14 10:30:23.246] [DEBUG] Đã xử lý nội dung này rồi (hash: a089c646...)
[2026-02-14 10:30:23.547] [DEBUG] Đã xử lý nội dung này rồi (hash: a089c646...)
[2026-02-14 10:30:23.849] [DEBUG] Đã xử lý nội dung này rồi (hash: a089c646...)
[2026-02-14 10:30:24.151] [DEBUG] Đã xử lý nội dung này rồi (hash: a089c646...)
[2026-02-14 10:30:24.452] [DEBUG] Đã xử lý nội dung này rồi (hash: a089c646...)
[2026-02-14 10:30:24.754] [DEBUG] Đã xử lý nội dung này rồi (hash: a089c646...)
[2026-02-14 10:30:25.056] [DEBUG] Đã xử lý nội dung này rồi (hash: a089c646...)
[2026-02-14 10:30:25.357] [DEBUG] Đã xử lý nội dung này rồi (hash: a089c646...)
[2026-02-14 10:30:25.659] [DEBUG] Đã xử lý nội dung này rồi (hash: a089c646...)
[2026-02-14 10:30:25.960] [DEBUG] Đã xử lý nội dung này rồi (hash: a089c646...)
[2026-02-14 10:30:26.262] [DEBUG] Đã xử lý nội dung này rồi (hash: a089c646...)
[2026-02-14 10:30:26.565] [DEBUG] Đã xử lý nội dung này rồi (hash: a089c646...)
[2026-02-14 10:30:26.866] [DEBUG] Đã xử lý nội dung này rồi (hash: a089c646...)
[2026-02-14 10:30:27.166] [DEBUG] Đã xử lý nội dung này rồi (hash: a089c646...)
[2026-02-14 10:30:27.467] [DEBUG] Đã xử lý nội dung này rồi (hash: a089c646...)
[2026-02-14 10:30:27.769] [DEBUG] Đã xử lý nội dung này rồi (hash: a089c646...)
[2026-02-14 10:30:28.070] [DEBUG] Đã xử lý nội dung này rồi (hash: a089c646...)
[2026-02-14 10:30:28.371] [DEBUG] Đã xử lý nội dung này rồi (hash: a089c646...)
[2026-02-14 10:30:28.673] [DEBUG] Đã xử lý nội dung này rồi (hash: a089c646...)
[2026-02-14 10:30:28.974] [DEBUG] Đã xử lý nội dung này rồi (hash: a089c646...)
[2026-02-14 10:30:29.275] [DEBUG] Đã xử lý nội dung này rồi (hash: a089c646...)
[2026-02-14 10:30:29.576] [DEBUG] Đã xử lý nội dung này rồi (hash: a089c646...)
[2026-02-14 10:30:29.878] [DEBUG] Đã xử lý nội dung này rồi (hash: a089c646...)
[2026-02-14 10:30:30.179] [DEBUG] Đã xử lý nội dung này rồi (hash: a089c646...)
[2026-02-14 10:30:30.480] [DEBUG] Đã xử lý nội dung này rồi (hash: a089c646...)
[2026-02-14 10:30:30.780] [DEBUG] Đã xử lý nội dung này rồi (hash: a089c646...)
[2026-02-14 10:30:31.081] [DEBUG] Đã xử lý nội dung này rồi (hash: a089c646...)
[2026-02-14 10:30:31.382] [DEBUG] Đã xử lý nội dung này rồi (hash: a089c646...)
[2026-02-14 10:30:31.683] [DEBUG] Đã xử lý nội dung này rồi (hash: a089c646...)
[2026-02-14 10:30:31.984] [DEBUG] Đã xử lý nội dung này rồi (hash: a089c646...)
[2026-02-14 10:30:32.287] [DEBUG] Đã xử lý nội dung này rồi (hash: a089c646...)
[2026-02-14 10:30:32.588] [DEBUG] Đã xử lý nội dung này rồi (hash: a089c646...)
[2026-02-14 10:30:32.889] [DEBUG] Đã xử lý nội dung này rồi (hash: a089c646...)
[2026-02-14 10:30:33.190] [DEBUG] Đã xử lý nội dung này rồi (hash: a089c646...)
[2026-02-14 10:30:33.491] [DEBUG] Đã xử lý nội dung này rồi (hash: a089c646...)
[2026-02-14 10:30:33.791] [DEBUG] Đã xử lý nội dung này rồi (hash: a089c646...)
[2026-02-14 10:30:34.093] [DEBUG] Đã xử lý nội dung này rồi (hash: a089c646...)
[2026-02-14 10:30:34.394] [DEBUG] Đã xử lý nội dung này rồi (hash: a089c646...)
[2026-02-14 10:30:34.697] [DEBUG] Đã xử lý nội dung này rồi (hash: a089c646...)
[2026-02-14 10:30:34.999] [DEBUG] Đã xử lý nội dung này rồi (hash: a089c646...)
[2026-02-14 10:30:35.300] [DEBUG] Đã xử lý nội dung này rồi (hash: a089c646...)
[2026-02-14 10:30:35.602] [DEBUG] Đã xử lý nội dung này rồi (hash: a089c646...)
[2026-02-14 10:30:35.904] [DEBUG] Đã xử lý nội dung này rồi (hash: a089c646...)
[2026-02-14 10:30:36.206] [DEBUG] Đã xử lý nội dung này rồi (hash: a089c646...)
[2026-02-14 10:30:36.510] [DEBUG] Đã xử lý nội dung này rồi (hash: a089c646...)
[2026-02-14 10:30:36.811] [DEBUG] Đã xử lý nội dung này rồi (hash: a089c646...)
[2026-02-14 10:30:37.112] [DEBUG] Đã xử lý nội dung này rồi (hash: a089c646...)
[2026-02-14 10:30:37.413] [DEBUG] Đã xử lý nội dung này rồi (hash: a089c646...)
[2026-02-14 10:30:37.714] [DEBUG] Đã xử lý nội dung này rồi (hash: a089c646...)
[2026-02-14 10:30:38.016] [DEBUG] Đã xử lý nội dung này rồi (hash: a089c646...)
[2026-02-14 10:30:38.318] [DEBUG] Đã xử lý nội dung này rồi (hash: a089c646...)
[2026-02-14 10:30:38.619] [DEBUG] Đã xử lý nội dung này rồi (hash: a089c646...)
[2026-02-14 10:30:38.921] [DEBUG] Đã xử lý nội dung này rồi (hash: a089c646...)
[2026-02-14 10:30:39.222] [DEBUG] Đã xử lý nội dung này rồi (hash: a089c646...)
[2026-02-14 10:30:39.522] [DEBUG] Đã xử lý nội dung này rồi (hash: a089c646...)
[2026-02-14 10:30:39.823] [DEBUG] Đã xử lý nội dung này rồi (hash: a089c646...)
[2026-02-14 10:30:40.124] [DEBUG] Đã xử lý nội dung này rồi (hash: a089c646...)
[2026-02-14 10:30:40.426] [DEBUG] Đã xử lý nội dung này rồi (hash: a089c646...)
[2026-02-14 10:30:40.727] [DEBUG] Đã xử lý nội dung này rồi (hash: a089c646...)
[2026-02-14 10:30:41.029] [DEBUG] Đã xử lý nội dung này rồi (hash: a089c646...)
[2026-02-14 10:30:41.330] [DEBUG] Đã xử lý nội dung này rồi (hash: a089c646...)
[2026-02-14 10:30:41.632] [DEBUG] Đã xử lý nội dung này rồi (hash: a089c646...)
[2026-02-14 10:30:41.933] [DEBUG] Đã xử lý nội dung này rồi (hash: a089c646...)
[2026-02-14 10:30:42.234] [DEBUG] Đã xử lý nội dung này rồi (hash: a089c646...)
[2026-02-14 10:30:42.534] [DEBUG] Đã xử lý nội dung này rồi (hash: a089c646...)
[2026-02-14 10:30:42.836] [DEBUG] Đã xử lý nội dung này rồi (hash: a089c646...)
[2026-02-14 10:30:43.137] [DEBUG] Đã xử lý nội dung này rồi (hash: a089c646...)
[2026-02-14 10:30:43.438] [DEBUG] Đã xử lý nội dung này rồi (hash: a089c646...)
[2026-02-14 10:30:43.739] [DEBUG] Đã xử lý nội dung này rồi (hash: a089c646...)
[2026-02-14 10:30:44.040] [DEBUG] Đã xử lý nội dung này rồi (hash: a089c646...)
[2026-02-14 10:30:44.341] [DEBUG] Đã xử lý nội dung này rồi (hash: a089c646...)
[2026-02-14 10:30:44.641] [DEBUG] Đã xử lý nội dung này rồi (hash: a089c646...)
[2026-02-14 10:30:44.943] [DEBUG] Đã xử lý nội dung này rồi (hash: a089c646...)
[2026-02-14 10:30:45.245] [DEBUG] Đã xử lý nội dung này rồi (hash: a089c646...)
[2026-02-14 10:30:45.546] [DEBUG] Đã xử lý nội dung này rồi (hash: a089c646...)
[2026-02-14 10:30:45.847] [DEBUG] Đã xử lý nội dung này rồi (hash: a089c646...)
[2026-02-14 10:30:46.148] [DEBUG] Đã xử lý nội dung này rồi (hash: a089c646...)
[2026-02-14 10:30:46.449] [DEBUG] Đã xử lý nội dung này rồi (hash: a089c646...)
[2026-02-14 10:30:46.750] [DEBUG] Đã xử lý nội dung này rồi (hash: a089c646...)
[2026-02-14 10:30:47.051] [DEBUG] Đã xử lý nội dung này rồi (hash: a089c646...)
[2026-02-14 10:30:47.353] [DEBUG] Đã xử lý nội dung này rồi (hash: a089c646...)
[2026-02-14 10:30:47.654] [DEBUG] Đã xử lý nội dung này rồi (hash: a089c646...)
[2026-02-14 10:30:47.954] [DEBUG] Đã xử lý nội dung này rồi (hash: a089c646...)
[2026-02-14 10:30:48.255] [DEBUG] Đã xử lý nội dung này rồi (hash: a089c646...)
[2026-02-14 10:30:48.556] [DEBUG] Đã xử lý nội dung này rồi (hash: a089c646...)
[2026-02-14 10:30:48.857] [DEBUG] Đã xử lý nội dung này rồi (hash: a089c646...)
[2026-02-14 10:30:49.159] [DEBUG] Đã xử lý nội dung này rồi (hash: a089c646...)
[2026-02-14 10:30:49.461] [DEBUG] Đã xử lý nội dung này rồi (hash: a089c646...)
[2026-02-14 10:30:49.762] [DEBUG] Đã xử lý nội dung này rồi (hash: a089c646...)
[2026-02-14 10:30:50.063] [DEBUG] Đã xử lý nội dung này rồi (hash: a089c646...)
[2026-02-14 10:30:50.364] [DEBUG] Đã xử lý nội dung này rồi (hash: a089c646...)
[2026-02-14 10:30:50.666] [DEBUG] Đã xử lý nội dung này rồi (hash: a089c646...)
[2026-02-14 10:30:50.967] [DEBUG] Đã xử lý nội dung này rồi (hash: a089c646...)
[2026-02-14 10:30:51.268] [DEBUG] Đã xử lý nội dung này rồi (hash: a089c646...)
[2026-02-14 10:30:51.569] [DEBUG] Đã xử lý nội dung này rồi (hash: a089c646...)
[2026-02-14 10:30:51.869] [DEBUG] Đã xử lý nội dung này rồi (hash: a089c646...)
[2026-02-14 10:30:52.171] [DEBUG] Đã xử lý nội dung này rồi (hash: a089c646...)
[2026-02-14 10:30:52.472] [DEBUG] Đã xử lý nội dung này rồi (hash: a089c646...)
[2026-02-14 10:30:52.773] [DEBUG] Đã xử lý nội dung này rồi (hash: a089c646...)
[2026-02-14 10:30:53.074] [DEBUG] Đã xử lý nội dung này rồi (hash: a089c646...)
[2026-02-14 10:30:53.376] [DEBUG] Đã xử lý nội dung này rồi (hash: a089c646...)
[2026-02-14 10:30:53.677] [DEBUG] Đã xử lý nội dung này rồi (hash: a089c646...)
[2026-02-14 10:30:53.979] [DEBUG] Đã xử lý nội dung này rồi (hash: a089c646...)
[2026-02-14 10:30:54.279] [DEBUG] Đã xử lý nội dung này rồi (hash: a089c646...)
[2026-02-14 10:30:54.580] [DEBUG] Đã xử lý nội dung này rồi (hash: a089c646...)
[2026-02-14 10:30:54.881] [DEBUG] Đã xử lý nội dung này rồi (hash: a089c646...)
[2026-02-14 10:30:55.183] [DEBUG] Đã xử lý nội dung này rồi (hash: a089c646...)
[2026-02-14 10:30:55.485] [DEBUG] Đã xử lý nội dung này rồi (hash: a089c646...)
[2026-02-14 10:30:55.786] [DEBUG] Đã xử lý nội dung này rồi (hash: a089c646...)
[2026-02-14 10:30:56.087] [DEBUG] Đã xử lý nội dung này rồi (hash: a089c646...)
[2026-02-14 10:30:56.388] [DEBUG] Đã xử lý nội dung này rồi (hash: a089c646...)
[2026-02-14 10:30:56.689] [DEBUG] Đã xử lý nội dung này rồi (hash: a089c646...)
[2026-02-14 10:30:56.990] [DEBUG] Đã xử lý nội dung này rồi (hash: a089c646...)
[2026-02-14 10:30:57.292] [DEBUG] Đã xử lý nội dung này rồi (hash: a089c646...)
[2026-02-14 10:30:57.593] [DEBUG] Đã xử lý nội dung này rồi (hash: a089c646...)
[2026-02-14 10:30:57.893] [DEBUG] Đã xử lý nội dung này rồi (hash: a089c646...)
[2026-02-14 10:30:58.195] [DEBUG] Đã xử lý nội dung này rồi (hash: a089c646...)
[2026-02-14 10:30:58.496] [DEBUG] Đã xử lý nội dung này rồi (hash: a089c646...)
[2026-02-14 10:30:58.797] [DEBUG] Đã xử lý nội dung này rồi (hash: a089c646...)
[2026-02-14 10:30:59.106] [DEBUG] Đã xử lý nội dung này rồi (hash: a089c646...)
[2026-02-14 10:30:59.407] [DEBUG] Đã xử lý nội dung này rồi (hash: a089c646...)
[2026-02-14 10:30:59.708] [DEBUG] Đã xử lý nội dung này rồi (hash: a089c646...)
[2026-02-14 10:31:00.009] [DEBUG] Đã xử lý nội dung này rồi (hash: a089c646...)
[2026-02-14 10:31:00.311] [DEBUG] Đã xử lý nội dung này rồi (hash: a089c646...)
[2026-02-14 10:31:00.612] [DEBUG] Đã xử lý nội dung này rồi (hash: a089c646...)
[2026-02-14 10:31:00.913] [DEBUG] Đã xử lý nội dung này rồi (hash: a089c646...)
[2026-02-14 10:31:01.214] [DEBUG] Đã xử lý nội dung này rồi (hash: a089c646...)
[2026-02-14 10:31:01.515] [DEBUG] Đã xử lý nội dung này rồi (hash: a089c646...)
[2026-02-14 10:31:01.816] [DEBUG] Đã xử lý nội dung này rồi (hash: a089c646...)
[2026-02-14 10:31:02.117] [DEBUG] Đã xử lý nội dung này rồi (hash: a089c646...)
[2026-02-14 10:31:02.418] [DEBUG] Đã xử lý nội dung này rồi (hash: a089c646...)
[2026-02-14 10:31:02.719] [DEBUG] Đã xử lý nội dung này rồi (hash: a089c646...)
[2026-02-14 10:31:03.020] [DEBUG] Đã xử lý nội dung này rồi (hash: a089c646...)
[2026-02-14 10:31:03.322] [DEBUG] Đã xử lý nội dung này rồi (hash: a089c646...)
[2026-02-14 10:31:03.624] [DEBUG] Đã xử lý nội dung này rồi (hash: a089c646...)
[2026-02-14 10:31:03.926] [DEBUG] Đã xử lý nội dung này rồi (hash: a089c646...)
[2026-02-14 10:31:04.227] [DEBUG] Đã xử lý nội dung này rồi (hash: a089c646...)
[2026-02-14 10:31:04.529] [DEBUG] Đã xử lý nội dung này rồi (hash: a089c646...)
[2026-02-14 10:31:04.831] [DEBUG] Đã xử lý nội dung này rồi (hash: a089c646...)
[2026-02-14 10:31:05.132] [DEBUG] Đã xử lý nội dung này rồi (hash: a089c646...)
[2026-02-14 10:31:05.435] [DEBUG] Đã xử lý nội dung này rồi (hash: a089c646...)
[2026-02-14 10:31:05.736] [DEBUG] Đã xử lý nội dung này rồi (hash: a089c646...)
[2026-02-14 10:31:06.038] [DEBUG] Đã xử lý nội dung này rồi (hash: a089c646...)
[2026-02-14 10:31:06.340] [DEBUG] Đã xử lý nội dung này rồi (hash: a089c646...)
[2026-02-14 10:31:06.641] [DEBUG] Đã xử lý nội dung này rồi (hash: a089c646...)
[2026-02-14 10:31:06.943] [DEBUG] Đã xử lý nội dung này rồi (hash: a089c646...)
[2026-02-14 10:31:07.245] [DEBUG] Đã xử lý nội dung này rồi (hash: a089c646...)
[2026-02-14 10:31:07.546] [DEBUG] Đã xử lý nội dung này rồi (hash: a089c646...)
[2026-02-14 10:31:07.847] [DEBUG] Đã xử lý nội dung này rồi (hash: a089c646...)
[2026-02-14 10:31:08.148] [DEBUG] Đã xử lý nội dung này rồi (hash: a089c646...)
[2026-02-14 10:31:08.450] [DEBUG] Đã xử lý nội dung này rồi (hash: a089c646...)
